2023-05-16 18:16:53,847 INFO <module>(49) INIT LOGGER SUCCESSED
2023-05-16 18:16:53,848 INFO <module>(49) INIT LOGGER SUCCESSED
2023-05-16 18:16:53,872 INFO <module>(49) INIT LOGGER SUCCESSED
2023-05-16 18:16:53,873 INFO <module>(49) INIT LOGGER SUCCESSED
2023-05-16 18:17:58,778 INFO <module>(49) INIT LOGGER SUCCESSED
2023-05-16 18:17:58,778 INFO <module>(49) INIT LOGGER SUCCESSED
2023-05-16 18:17:58,799 INFO <module>(49) INIT LOGGER SUCCESSED
2023-05-16 18:17:58,804 INFO <module>(49) INIT LOGGER SUCCESSED
2023-05-16 18:18:36,723 INFO <module>(49) INIT LOGGER SUCCESSED
2023-05-16 18:18:36,724 INFO <module>(49) INIT LOGGER SUCCESSED
2023-05-16 18:18:36,724 INFO <module>(49) INIT LOGGER SUCCESSED
2023-05-16 18:18:36,750 INFO <module>(49) INIT LOGGER SUCCESSED
2023-05-16 18:20:53,728 INFO <module>(49) INIT LOGGER SUCCESSED
2023-05-16 18:20:53,731 INFO <module>(49) INIT LOGGER SUCCESSED
2023-05-16 18:20:53,731 INFO <module>(49) INIT LOGGER SUCCESSED
2023-05-16 18:20:53,780 INFO <module>(49) INIT LOGGER SUCCESSED
2023-05-16 18:22:08,401 INFO <module>(49) INIT LOGGER SUCCESSED
2023-05-16 18:22:08,401 INFO <module>(49) INIT LOGGER SUCCESSED
2023-05-16 18:22:08,402 INFO <module>(49) INIT LOGGER SUCCESSED
2023-05-16 18:22:08,441 INFO <module>(49) INIT LOGGER SUCCESSED
2023-05-16 18:25:46,023 INFO <module>(49) INIT LOGGER SUCCESSED
2023-05-16 18:25:46,023 INFO <module>(49) INIT LOGGER SUCCESSED
2023-05-16 18:25:46,054 INFO <module>(49) INIT LOGGER SUCCESSED
2023-05-16 18:25:46,055 INFO <module>(49) INIT LOGGER SUCCESSED
2023-05-16 18:27:01,002 INFO <module>(49) INIT LOGGER SUCCESSED
2023-05-16 18:27:01,002 INFO <module>(49) INIT LOGGER SUCCESSED
2023-05-16 18:27:01,038 INFO <module>(49) INIT LOGGER SUCCESSED
2023-05-16 18:27:01,041 INFO <module>(49) INIT LOGGER SUCCESSED
2023-05-16 18:29:55,491 INFO <module>(49) INIT LOGGER SUCCESSED
2023-05-16 18:29:55,491 INFO <module>(49) INIT LOGGER SUCCESSED
2023-05-16 18:29:55,491 INFO <module>(49) INIT LOGGER SUCCESSED
2023-05-16 18:29:55,509 INFO <module>(49) INIT LOGGER SUCCESSED
2023-05-16 18:30:36,604 INFO <module>(49) INIT LOGGER SUCCESSED
2023-05-16 18:30:36,604 INFO <module>(49) INIT LOGGER SUCCESSED
2023-05-16 18:30:36,622 INFO <module>(49) INIT LOGGER SUCCESSED
2023-05-16 18:30:36,623 INFO <module>(49) INIT LOGGER SUCCESSED
2023-05-16 18:32:01,229 INFO <module>(49) INIT LOGGER SUCCESSED
2023-05-16 18:32:01,235 INFO <module>(49) INIT LOGGER SUCCESSED
2023-05-16 18:32:01,249 INFO <module>(49) INIT LOGGER SUCCESSED
2023-05-16 18:32:01,288 INFO <module>(49) INIT LOGGER SUCCESSED
2023-05-16 18:32:19,826 INFO <module>(49) INIT LOGGER SUCCESSED
2023-05-16 18:32:19,826 INFO <module>(49) INIT LOGGER SUCCESSED
2023-05-16 18:32:19,848 INFO <module>(49) INIT LOGGER SUCCESSED
2023-05-16 18:32:19,848 INFO <module>(49) INIT LOGGER SUCCESSED
2023-05-16 18:48:40,890 INFO <module>(51) INIT LOGGER SUCCESSED
2023-05-16 18:48:40,890 INFO <module>(51) INIT LOGGER SUCCESSED
2023-05-16 18:48:40,891 INFO <module>(51) INIT LOGGER SUCCESSED
2023-05-16 18:48:40,898 INFO <module>(51) INIT LOGGER SUCCESSED
2023-05-16 18:49:41,817 INFO get_all(78) executing query: SELECT * FROM THANHVIEN
2023-05-16 18:49:41,826 ERROR get_all(85) can not execute query: SELECT * FROM THANHVIEN
2023-05-16 18:49:41,827 ERROR get_all(86) 'cryptography' package is required for sha256_password or caching_sha2_password auth methods
2023-05-16 18:50:17,239 INFO <module>(51) INIT LOGGER SUCCESSED
2023-05-16 18:50:17,239 INFO <module>(51) INIT LOGGER SUCCESSED
2023-05-16 18:50:17,262 INFO <module>(51) INIT LOGGER SUCCESSED
2023-05-16 18:50:17,262 INFO <module>(51) INIT LOGGER SUCCESSED
2023-05-16 18:50:27,170 INFO get_all(78) executing query: SELECT * FROM THANHVIEN
2023-05-16 18:54:44,333 INFO get_all(78) executing query: SELECT * FROM THANHVIEN
2023-05-16 18:55:05,892 INFO get_all(78) executing query: SELECT * FROM THANHVIEN
2023-05-16 19:06:38,461 INFO <module>(51) INIT LOGGER SUCCESSED
2023-05-16 19:06:38,461 INFO <module>(51) INIT LOGGER SUCCESSED
2023-05-16 19:06:38,490 INFO <module>(51) INIT LOGGER SUCCESSED
2023-05-16 19:06:38,522 INFO <module>(51) INIT LOGGER SUCCESSED
2023-05-16 19:06:46,588 INFO insert(96) executing query: INSERT INTO THANHVIEN (HOVATEN, GIOITINH, NGAYGIOSINH, MAQUEQUAN, MANGHENGHIEP, DIACHI, MATHANHVIENCU, MALOAIQUANHE)                values ("Võ Anh Hào","0","16/05/2023","0","0","D20, Lê Văn Chí, Linh Trung, Thủ Đức, TP HCM","0","0")
2023-05-16 19:06:46,603 ERROR insert(101) can not execute query: INSERT INTO THANHVIEN (HOVATEN, GIOITINH, NGAYGIOSINH, MAQUEQUAN, MANGHENGHIEP, DIACHI, MATHANHVIENCU, MALOAIQUANHE)                values ("Võ Anh Hào","0","16/05/2023","0","0","D20, Lê Văn Chí, Linh Trung, Thủ Đức, TP HCM","0","0")
2023-05-16 19:06:46,603 ERROR insert(102) (1292, "Incorrect datetime value: '16/05/2023' for column 'NGAYGIOSINH' at row 1")
2023-05-16 19:07:14,219 INFO insert(96) executing query: INSERT INTO THANHVIEN (HOVATEN, GIOITINH, NGAYGIOSINH, MAQUEQUAN, MANGHENGHIEP, DIACHI, MATHANHVIENCU, MALOAIQUANHE)                values ("Võ Anh Hào","0","16-05-2023","0","0","D20, Lê Văn Chí, Linh Trung, Thủ Đức, TP HCM","0","0")
2023-05-16 19:07:14,222 ERROR insert(101) can not execute query: INSERT INTO THANHVIEN (HOVATEN, GIOITINH, NGAYGIOSINH, MAQUEQUAN, MANGHENGHIEP, DIACHI, MATHANHVIENCU, MALOAIQUANHE)                values ("Võ Anh Hào","0","16-05-2023","0","0","D20, Lê Văn Chí, Linh Trung, Thủ Đức, TP HCM","0","0")
2023-05-16 19:07:14,222 ERROR insert(102) (1292, "Incorrect datetime value: '16-05-2023' for column 'NGAYGIOSINH' at row 1")
2023-05-16 19:07:47,088 INFO insert(96) executing query: INSERT INTO THANHVIEN (HOVATEN, GIOITINH, NGAYGIOSINH, MAQUEQUAN, MANGHENGHIEP, DIACHI, MATHANHVIENCU, MALOAIQUANHE)                values ("Võ Anh Hào","0","16-05-2023 00:00:00","0","0","D20, Lê Văn Chí, Linh Trung, Thủ Đức, TP HCM","0","0")
2023-05-16 19:07:47,092 ERROR insert(101) can not execute query: INSERT INTO THANHVIEN (HOVATEN, GIOITINH, NGAYGIOSINH, MAQUEQUAN, MANGHENGHIEP, DIACHI, MATHANHVIENCU, MALOAIQUANHE)                values ("Võ Anh Hào","0","16-05-2023 00:00:00","0","0","D20, Lê Văn Chí, Linh Trung, Thủ Đức, TP HCM","0","0")
2023-05-16 19:07:47,093 ERROR insert(102) (1292, "Incorrect datetime value: '16-05-2023 00:00:00' for column 'NGAYGIOSINH' at row 1")
2023-05-16 19:08:13,207 INFO insert(96) executing query: INSERT INTO THANHVIEN (HOVATEN, GIOITINH, NGAYGIOSINH, MAQUEQUAN, MANGHENGHIEP, DIACHI, MATHANHVIENCU, MALOAIQUANHE)                values ("Võ Anh Hào","0","2023-05-16 00:00:00","0","0","D20, Lê Văn Chí, Linh Trung, Thủ Đức, TP HCM","0","0")
2023-05-16 19:08:13,217 ERROR insert(101) can not execute query: INSERT INTO THANHVIEN (HOVATEN, GIOITINH, NGAYGIOSINH, MAQUEQUAN, MANGHENGHIEP, DIACHI, MATHANHVIENCU, MALOAIQUANHE)                values ("Võ Anh Hào","0","2023-05-16 00:00:00","0","0","D20, Lê Văn Chí, Linh Trung, Thủ Đức, TP HCM","0","0")
2023-05-16 19:08:13,218 ERROR insert(102) (1452, 'Cannot add or update a child row: a foreign key constraint fails (`se_db`.`THANHVIEN`, CONSTRAINT `THANHVIEN_ibfk_1` FOREIGN KEY (`MAQUEQUAN`) REFERENCES `QUEQUAN` (`MAQUEQUAN`))')
